[live-verify 2026-07-11T11:41:48.682Z] target https://supersub-tau.vercel.app fixture 18218149, listen window 1 min
[live-verify 2026-07-11T11:41:48.683Z] start time 2020-01-01T00:00:00.000Z
[live-verify 2026-07-11T11:41:48.683Z] === join phase ===
[live-verify 2026-07-11T11:43:08.195Z] FEED snapshot: 36 per-action records
[live-verify 2026-07-11T11:43:08.999Z] FEED odds snapshot: 0 lines (empty [] (known rollover flake, tolerated))
[live-verify 2026-07-11T11:43:09.003Z] FEED join reconstructed raw: 1080 events; score 2-1, minute 0', phase finished
[live-verify 2026-07-11T11:43:09.003Z] === listen phase: 1 minutes ===
[live-verify 2026-07-11T11:43:23.896Z] APP join reconstructed: 1080 events, 3535 odds ticks in backfill; score 2-1, minute 0', phase finished
[live-verify 2026-07-11T11:44:09.691Z] === VERDICT ===
[live-verify 2026-07-11T11:46:27.874Z] target https://supersub-tau.vercel.app fixture 18218149, listen window 0.2 min
[live-verify 2026-07-11T11:46:27.875Z] start time 2026-07-11T11:47:32.358Z
[live-verify 2026-07-11T11:46:27.875Z] waiting: T-2m until start
[live-verify 2026-07-11T11:47:32.360Z] === join phase ===
[live-verify 2026-07-11T11:48:46.657Z] FEED snapshot: 36 per-action records
[live-verify 2026-07-11T11:48:46.937Z] FEED odds snapshot: 0 lines (empty [] (known rollover flake, tolerated))
[live-verify 2026-07-11T11:48:46.939Z] FEED join reconstructed raw: 1080 events; score 2-1, minute 0', phase finished
[live-verify 2026-07-11T11:48:46.939Z] === listen phase: 0.2 minutes ===
[live-verify 2026-07-11T11:48:59.099Z] === VERDICT ===
[live-verify 2026-07-11T11:50:14.843Z] target https://supersub-tau.vercel.app fixture 18213979, listen window 15 min
[live-verify 2026-07-11T11:50:15.636Z] fixture: Norway v England, kickoff 2026-07-11T21:00:00.000Z
[live-verify 2026-07-11T11:50:15.636Z] start time 2026-07-11T21:15:00.000Z
[live-verify 2026-07-11T11:50:15.636Z] waiting: T-565m until start
[live-verify 2026-07-11T11:55:15.639Z] waiting: T-560m until start
[live-verify 2026-07-11T12:00:15.640Z] waiting: T-555m until start
[live-verify 2026-07-11T12:05:15.643Z] waiting: T-550m until start
[live-verify 2026-07-11T12:10:15.703Z] waiting: T-545m until start
[live-verify 2026-07-11T12:15:15.707Z] waiting: T-540m until start
[live-verify 2026-07-11T12:20:15.709Z] waiting: T-535m until start
[live-verify 2026-07-11T12:25:15.688Z] waiting: T-530m until start
[live-verify 2026-07-11T12:30:15.692Z] waiting: T-525m until start
[live-verify 2026-07-11T12:35:15.692Z] waiting: T-520m until start
[live-verify 2026-07-11T12:40:15.638Z] waiting: T-515m until start
[live-verify 2026-07-11T12:45:15.639Z] waiting: T-510m until start
[live-verify 2026-07-11T12:50:15.639Z] waiting: T-505m until start
[live-verify 2026-07-11T12:55:15.633Z] waiting: T-500m until start
[live-verify 2026-07-11T13:00:15.633Z] waiting: T-495m until start
[live-verify 2026-07-11T13:05:15.631Z] waiting: T-490m until start
[live-verify 2026-07-11T13:10:15.631Z] waiting: T-485m until start
[live-verify 2026-07-11T13:15:15.653Z] waiting: T-480m until start
[live-verify 2026-07-11T13:20:15.659Z] waiting: T-475m until start
[live-verify 2026-07-11T13:25:15.662Z] waiting: T-470m until start
[live-verify 2026-07-11T13:30:15.616Z] waiting: T-465m until start
[live-verify 2026-07-11T13:35:15.615Z] waiting: T-460m until start
[live-verify 2026-07-11T13:40:15.616Z] waiting: T-455m until start
[live-verify 2026-07-11T13:45:15.811Z] waiting: T-450m until start
[live-verify 2026-07-11T13:50:15.815Z] waiting: T-445m until start
[live-verify 2026-07-11T13:55:15.819Z] waiting: T-440m until start
[live-verify 2026-07-11T14:00:15.863Z] waiting: T-435m until start
[live-verify 2026-07-11T14:05:15.870Z] waiting: T-430m until start
[live-verify 2026-07-11T14:10:15.878Z] waiting: T-425m until start
[live-verify 2026-07-11T14:15:15.905Z] waiting: T-420m until start
